[2026-06-20 22:07:29,155] INFO [discord.client.login:666] logging in using static token
[2026-06-20 22:07:30,320] INFO [root.setup_hook:25] Loading Cogs...
[2026-06-20 22:07:31,316] ERROR [root.setup_hook:32] Failed to load extension musicbot.cogs.music: Extension 'musicbot.cogs.music' raised an error: ZoneInfoNotFoundError: 'No time zone found with key Asia/Bangkok'
[2026-06-20 22:07:31,320] INFO [root.setup_hook:30] Loaded extension: musicbot.cogs.meta
[2026-06-20 22:07:31,321] INFO [root.setup_hook:30] Loaded extension: musicbot.cogs.error
[2026-06-20 22:07:31,351] INFO [root.setup_hook:30] Loaded extension: musicbot.cogs.chord
[2026-06-20 22:07:31,351] INFO [root.setup_hook:35] Setup complete.
[2026-06-20 22:07:32,270] INFO [discord.gateway.received_message:570] Shard ID None has connected to Gateway (Session ID: 86cbccf59c6f876d4d44ddd0826bcdb7).
[2026-06-20 22:07:34,662] INFO [root.on_ready:38] Logged in as 006 music#6847 (ID: 880982026314985523)
[2026-06-20 22:10:19,310] INFO [discord.client.login:666] logging in using static token
[2026-06-20 22:10:20,313] INFO [root.setup_hook:25] Loading Cogs...
[2026-06-20 22:10:23,240] INFO [root.setup_hook:30] Loaded extension: musicbot.cogs.music
[2026-06-20 22:10:23,243] INFO [root.setup_hook:30] Loaded extension: musicbot.cogs.meta
[2026-06-20 22:10:23,245] INFO [root.setup_hook:30] Loaded extension: musicbot.cogs.error
[2026-06-20 22:10:23,266] INFO [root.setup_hook:30] Loaded extension: musicbot.cogs.chord
[2026-06-20 22:10:23,266] INFO [root.setup_hook:35] Setup complete.
[2026-06-20 22:10:24,213] INFO [discord.gateway.received_message:570] Shard ID None has connected to Gateway (Session ID: da1e379ed3c0fb9e0c60293af36ca1a5).
[2026-06-20 22:10:26,585] INFO [root.on_ready:38] Logged in as 006 music#6847 (ID: 880982026314985523)
[2026-06-20 22:14:06,272] INFO [discord.client.login:666] logging in using static token
[2026-06-20 22:14:07,058] INFO [root.setup_hook:25] Loading Cogs...
[2026-06-20 22:14:07,520] INFO [root.setup_hook:30] Loaded extension: musicbot.cogs.music
[2026-06-20 22:14:07,522] INFO [root.setup_hook:30] Loaded extension: musicbot.cogs.meta
[2026-06-20 22:14:07,523] INFO [root.setup_hook:30] Loaded extension: musicbot.cogs.error
[2026-06-20 22:14:07,542] INFO [root.setup_hook:30] Loaded extension: musicbot.cogs.chord
[2026-06-20 22:14:07,542] INFO [root.setup_hook:35] Setup complete.
[2026-06-20 22:14:08,387] INFO [discord.gateway.received_message:570] Shard ID None has connected to Gateway (Session ID: 124adef96df635bdcd8b5153ec4d9895).
[2026-06-20 22:14:10,993] INFO [root.on_ready:38] Logged in as 006 music#6847 (ID: 880982026314985523)
[2026-06-20 22:15:00,359] ERROR [discord.app_commands.tree.on_error:819] Ignoring exception in command 'play'
Traceback (most recent call last):
  File "C:\Users\12pon\.virtualenvs\006-music-discordbot-2RH6pvIb\lib\site-packages\discord\app_commands\commands.py", line 858, in _do_call
    return await self._callback(self.binding, interaction, **params)  # type: ignore
  File "C:\Users\12pon\Desktop\GitClone\006-music-discordbot\musicbot\cogs\music.py", line 241, in _play
    await interaction.response.defer()
  File "C:\Users\12pon\.virtualenvs\006-music-discordbot-2RH6pvIb\lib\site-packages\discord\interactions.py", line 858, in defer
    response = await adapter.create_interaction_response(
  File "C:\Users\12pon\.virtualenvs\006-music-discordbot-2RH6pvIb\lib\site-packages\discord\webhook\async_.py", line 224, in request
    raise NotFound(response, data)
discord.errors.NotFound: 404 Not Found (error code: 10062): Unknown interaction

The above exception was the direct cause of the following exception:

Traceback (most recent call last):
  File "C:\Users\12pon\.virtualenvs\006-music-discordbot-2RH6pvIb\lib\site-packages\discord\app_commands\tree.py", line 1297, in _call
    await command._invoke_with_namespace(interaction, namespace)
  File "C:\Users\12pon\.virtualenvs\006-music-discordbot-2RH6pvIb\lib\site-packages\discord\app_commands\commands.py", line 884, in _invoke_with_namespace
    return await self._do_call(interaction, transformed_values)
  File "C:\Users\12pon\.virtualenvs\006-music-discordbot-2RH6pvIb\lib\site-packages\discord\app_commands\commands.py", line 877, in _do_call
    raise CommandInvokeError(self, e) from e
discord.app_commands.errors.CommandInvokeError: Command 'play' raised an exception: NotFound: 404 Not Found (error code: 10062): Unknown interaction
[2026-06-20 22:15:00,868] ERROR [discord.app_commands.tree.on_error:819] Ignoring exception in command 'play'
Traceback (most recent call last):
  File "C:\Users\12pon\.virtualenvs\006-music-discordbot-2RH6pvIb\lib\site-packages\discord\app_commands\commands.py", line 858, in _do_call
    return await self._callback(self.binding, interaction, **params)  # type: ignore
  File "C:\Users\12pon\Desktop\GitClone\006-music-discordbot\musicbot\cogs\music.py", line 241, in _play
    await interaction.response.defer()
  File "C:\Users\12pon\.virtualenvs\006-music-discordbot-2RH6pvIb\lib\site-packages\discord\interactions.py", line 858, in defer
    response = await adapter.create_interaction_response(
  File "C:\Users\12pon\.virtualenvs\006-music-discordbot-2RH6pvIb\lib\site-packages\discord\webhook\async_.py", line 224, in request
    raise NotFound(response, data)
discord.errors.NotFound: 404 Not Found (error code: 10062): Unknown interaction

The above exception was the direct cause of the following exception:

Traceback (most recent call last):
  File "C:\Users\12pon\.virtualenvs\006-music-discordbot-2RH6pvIb\lib\site-packages\discord\app_commands\tree.py", line 1297, in _call
    await command._invoke_with_namespace(interaction, namespace)
  File "C:\Users\12pon\.virtualenvs\006-music-discordbot-2RH6pvIb\lib\site-packages\discord\app_commands\commands.py", line 884, in _invoke_with_namespace
    return await self._do_call(interaction, transformed_values)
  File "C:\Users\12pon\.virtualenvs\006-music-discordbot-2RH6pvIb\lib\site-packages\discord\app_commands\commands.py", line 877, in _do_call
    raise CommandInvokeError(self, e) from e
discord.app_commands.errors.CommandInvokeError: Command 'play' raised an exception: NotFound: 404 Not Found (error code: 10062): Unknown interaction
[2026-06-20 22:15:42,971] INFO [discord.voice_state._connect:427] Connecting to voice...
[2026-06-20 22:15:42,972] INFO [discord.voice_state._inner_connect:400] Starting voice handshake... (connection attempt 1)
[2026-06-20 22:15:43,498] INFO [discord.voice_state._inner_connect:409] Voice handshake complete. Endpoint found: c-sin13-6f974d76.discord.media:8443
[2026-06-20 22:15:43,808] ERROR [discord.voice_state._inner_connect:418] Failed to connect to voice... Retrying in 1.0s...
Traceback (most recent call last):
  File "C:\Users\12pon\.virtualenvs\006-music-discordbot-2RH6pvIb\lib\site-packages\discord\voice_state.py", line 413, in _inner_connect
    await self._handshake_websocket()
  File "C:\Users\12pon\.virtualenvs\006-music-discordbot-2RH6pvIb\lib\site-packages\discord\voice_state.py", line 586, in _handshake_websocket
    await self.ws.poll_event()
  File "C:\Users\12pon\.virtualenvs\006-music-discordbot-2RH6pvIb\lib\site-packages\discord\gateway.py", line 1053, in poll_event
    raise ConnectionClosed(self.ws, shard_id=None, code=self._close_code)
discord.errors.ConnectionClosed: Shard ID None WebSocket closed with 4017
[2026-06-20 22:15:43,830] INFO [discord.voice_state._voice_disconnect:566] The voice handshake is being terminated for Channel ID 949180602907762758 (Guild ID 861822386986024980)
[2026-06-20 22:15:44,831] INFO [discord.voice_state._inner_connect:400] Starting voice handshake... (connection attempt 2)
[2026-06-20 22:15:45,388] INFO [discord.voice_state._inner_connect:409] Voice handshake complete. Endpoint found: c-sin13-6f974d76.discord.media:8443
[2026-06-20 22:15:45,628] ERROR [discord.voice_state._inner_connect:418] Failed to connect to voice... Retrying in 3.0s...
Traceback (most recent call last):
  File "C:\Users\12pon\.virtualenvs\006-music-discordbot-2RH6pvIb\lib\site-packages\discord\voice_state.py", line 413, in _inner_connect
    await self._handshake_websocket()
  File "C:\Users\12pon\.virtualenvs\006-music-discordbot-2RH6pvIb\lib\site-packages\discord\voice_state.py", line 586, in _handshake_websocket
    await self.ws.poll_event()
  File "C:\Users\12pon\.virtualenvs\006-music-discordbot-2RH6pvIb\lib\site-packages\discord\gateway.py", line 1053, in poll_event
    raise ConnectionClosed(self.ws, shard_id=None, code=self._close_code)
discord.errors.ConnectionClosed: Shard ID None WebSocket closed with 4017
[2026-06-20 22:15:45,629] INFO [discord.voice_state._voice_disconnect:566] The voice handshake is being terminated for Channel ID 949180602907762758 (Guild ID 861822386986024980)
[2026-06-20 22:15:48,638] INFO [discord.voice_state._inner_connect:400] Starting voice handshake... (connection attempt 3)
[2026-06-20 22:15:49,699] INFO [discord.voice_state._inner_connect:409] Voice handshake complete. Endpoint found: c-sin13-6f974d76.discord.media:8443
[2026-06-20 22:15:49,928] ERROR [discord.voice_state._inner_connect:418] Failed to connect to voice... Retrying in 5.0s...
Traceback (most recent call last):
  File "C:\Users\12pon\.virtualenvs\006-music-discordbot-2RH6pvIb\lib\site-packages\discord\voice_state.py", line 413, in _inner_connect
    await self._handshake_websocket()
  File "C:\Users\12pon\.virtualenvs\006-music-discordbot-2RH6pvIb\lib\site-packages\discord\voice_state.py", line 586, in _handshake_websocket
    await self.ws.poll_event()
  File "C:\Users\12pon\.virtualenvs\006-music-discordbot-2RH6pvIb\lib\site-packages\discord\gateway.py", line 1053, in poll_event
    raise ConnectionClosed(self.ws, shard_id=None, code=self._close_code)
discord.errors.ConnectionClosed: Shard ID None WebSocket closed with 4017
[2026-06-20 22:15:49,929] INFO [discord.voice_state._voice_disconnect:566] The voice handshake is being terminated for Channel ID 949180602907762758 (Guild ID 861822386986024980)
[2026-06-20 22:15:54,931] INFO [discord.voice_state._inner_connect:400] Starting voice handshake... (connection attempt 4)
[2026-06-20 22:15:55,469] INFO [discord.voice_state._inner_connect:409] Voice handshake complete. Endpoint found: c-sin13-6f974d76.discord.media:8443
[2026-06-20 22:15:55,709] ERROR [discord.voice_state._inner_connect:418] Failed to connect to voice... Retrying in 7.0s...
Traceback (most recent call last):
  File "C:\Users\12pon\.virtualenvs\006-music-discordbot-2RH6pvIb\lib\site-packages\discord\voice_state.py", line 413, in _inner_connect
    await self._handshake_websocket()
  File "C:\Users\12pon\.virtualenvs\006-music-discordbot-2RH6pvIb\lib\site-packages\discord\voice_state.py", line 586, in _handshake_websocket
    await self.ws.poll_event()
  File "C:\Users\12pon\.virtualenvs\006-music-discordbot-2RH6pvIb\lib\site-packages\discord\gateway.py", line 1053, in poll_event
    raise ConnectionClosed(self.ws, shard_id=None, code=self._close_code)
discord.errors.ConnectionClosed: Shard ID None WebSocket closed with 4017
[2026-06-20 22:15:55,709] INFO [discord.voice_state._voice_disconnect:566] The voice handshake is being terminated for Channel ID 949180602907762758 (Guild ID 861822386986024980)
[2026-06-20 22:16:02,719] INFO [discord.voice_state._inner_connect:400] Starting voice handshake... (connection attempt 5)
[2026-06-20 22:16:03,279] INFO [discord.voice_state._inner_connect:409] Voice handshake complete. Endpoint found: c-sin13-6f974d76.discord.media:8443
[2026-06-20 22:16:03,549] ERROR [discord.voice_state._inner_connect:418] Failed to connect to voice... Retrying in 9.0s...
Traceback (most recent call last):
  File "C:\Users\12pon\.virtualenvs\006-music-discordbot-2RH6pvIb\lib\site-packages\discord\voice_state.py", line 413, in _inner_connect
    await self._handshake_websocket()
  File "C:\Users\12pon\.virtualenvs\006-music-discordbot-2RH6pvIb\lib\site-packages\discord\voice_state.py", line 586, in _handshake_websocket
    await self.ws.poll_event()
  File "C:\Users\12pon\.virtualenvs\006-music-discordbot-2RH6pvIb\lib\site-packages\discord\gateway.py", line 1053, in poll_event
    raise ConnectionClosed(self.ws, shard_id=None, code=self._close_code)
discord.errors.ConnectionClosed: Shard ID None WebSocket closed with 4017
[2026-06-20 22:16:03,549] INFO [discord.voice_state._voice_disconnect:566] The voice handshake is being terminated for Channel ID 949180602907762758 (Guild ID 861822386986024980)
[2026-06-20 22:16:12,559] INFO [discord.voice_state._connect:433] Voice connection complete.
[2026-06-20 22:16:12,640] ERROR [discord.app_commands.tree.on_error:819] Ignoring exception in command 'play'
Traceback (most recent call last):
  File "C:\Users\12pon\.virtualenvs\006-music-discordbot-2RH6pvIb\lib\site-packages\discord\app_commands\commands.py", line 858, in _do_call
    return await self._callback(self.binding, interaction, **params)  # type: ignore
  File "C:\Users\12pon\Desktop\GitClone\006-music-discordbot\musicbot\cogs\music.py", line 294, in _play
    self._play_song(client, state, video)
  File "C:\Users\12pon\Desktop\GitClone\006-music-discordbot\musicbot\cogs\music.py", line 157, in _play_song
    client.play(source, after=after_playing)
  File "C:\Users\12pon\.virtualenvs\006-music-discordbot-2RH6pvIb\lib\site-packages\discord\voice_client.py", line 497, in play
    raise ClientException('Not connected to voice.')
discord.errors.ClientException: Not connected to voice.

The above exception was the direct cause of the following exception:

Traceback (most recent call last):
  File "C:\Users\12pon\.virtualenvs\006-music-discordbot-2RH6pvIb\lib\site-packages\discord\app_commands\tree.py", line 1297, in _call
    await command._invoke_with_namespace(interaction, namespace)
  File "C:\Users\12pon\.virtualenvs\006-music-discordbot-2RH6pvIb\lib\site-packages\discord\app_commands\commands.py", line 884, in _invoke_with_namespace
    return await self._do_call(interaction, transformed_values)
  File "C:\Users\12pon\.virtualenvs\006-music-discordbot-2RH6pvIb\lib\site-packages\discord\app_commands\commands.py", line 877, in _do_call
    raise CommandInvokeError(self, e) from e
discord.app_commands.errors.CommandInvokeError: Command 'play' raised an exception: ClientException: Not connected to voice.
[2026-06-20 22:16:12,656] INFO [discord.player._kill_process:229] ffmpeg process 12052 has not terminated. Waiting to terminate...
[2026-06-20 22:16:12,670] INFO [discord.player._kill_process:231] ffmpeg process 12052 should have terminated with a return code of 1.
[2026-06-20 22:16:12,671] INFO [discord.voice_state._poll_voice_ws:615] Disconnecting from voice normally, close code 1000.
[2026-06-20 22:16:12,671] INFO [discord.voice_state._voice_disconnect:566] The voice handshake is being terminated for Channel ID 949180602907762758 (Guild ID 861822386986024980)
[2026-06-20 22:17:24,366] INFO [discord.voice_state._connect:427] Connecting to voice...
[2026-06-20 22:17:24,367] INFO [discord.voice_state._inner_connect:400] Starting voice handshake... (connection attempt 1)
[2026-06-20 22:17:24,923] INFO [discord.voice_state._inner_connect:409] Voice handshake complete. Endpoint found: c-sin13-6f974d76.discord.media:8443
[2026-06-20 22:17:25,213] ERROR [discord.voice_state._inner_connect:418] Failed to connect to voice... Retrying in 1.0s...
Traceback (most recent call last):
  File "C:\Users\12pon\.virtualenvs\006-music-discordbot-2RH6pvIb\lib\site-packages\discord\voice_state.py", line 413, in _inner_connect
    await self._handshake_websocket()
  File "C:\Users\12pon\.virtualenvs\006-music-discordbot-2RH6pvIb\lib\site-packages\discord\voice_state.py", line 586, in _handshake_websocket
    await self.ws.poll_event()
  File "C:\Users\12pon\.virtualenvs\006-music-discordbot-2RH6pvIb\lib\site-packages\discord\gateway.py", line 1053, in poll_event
    raise ConnectionClosed(self.ws, shard_id=None, code=self._close_code)
discord.errors.ConnectionClosed: Shard ID None WebSocket closed with 4017
[2026-06-20 22:17:25,213] INFO [discord.voice_state._voice_disconnect:566] The voice handshake is being terminated for Channel ID 949180602907762758 (Guild ID 861822386986024980)
[2026-06-20 22:17:26,222] INFO [discord.voice_state._inner_connect:400] Starting voice handshake... (connection attempt 2)
[2026-06-20 22:17:26,773] INFO [discord.voice_state._inner_connect:409] Voice handshake complete. Endpoint found: c-sin13-6f974d76.discord.media:8443
[2026-06-20 22:17:26,993] ERROR [discord.voice_state._inner_connect:418] Failed to connect to voice... Retrying in 3.0s...
Traceback (most recent call last):
  File "C:\Users\12pon\.virtualenvs\006-music-discordbot-2RH6pvIb\lib\site-packages\discord\voice_state.py", line 413, in _inner_connect
    await self._handshake_websocket()
  File "C:\Users\12pon\.virtualenvs\006-music-discordbot-2RH6pvIb\lib\site-packages\discord\voice_state.py", line 586, in _handshake_websocket
    await self.ws.poll_event()
  File "C:\Users\12pon\.virtualenvs\006-music-discordbot-2RH6pvIb\lib\site-packages\discord\gateway.py", line 1053, in poll_event
    raise ConnectionClosed(self.ws, shard_id=None, code=self._close_code)
discord.errors.ConnectionClosed: Shard ID None WebSocket closed with 4017
[2026-06-20 22:17:26,994] INFO [discord.voice_state._voice_disconnect:566] The voice handshake is being terminated for Channel ID 949180602907762758 (Guild ID 861822386986024980)
[2026-06-20 22:17:29,996] INFO [discord.voice_state._inner_connect:400] Starting voice handshake... (connection attempt 3)
[2026-06-20 22:17:31,142] INFO [discord.voice_state._inner_connect:409] Voice handshake complete. Endpoint found: c-sin13-6f974d76.discord.media:8443
[2026-06-20 22:17:31,432] ERROR [discord.voice_state._inner_connect:418] Failed to connect to voice... Retrying in 5.0s...
Traceback (most recent call last):
  File "C:\Users\12pon\.virtualenvs\006-music-discordbot-2RH6pvIb\lib\site-packages\discord\voice_state.py", line 413, in _inner_connect
    await self._handshake_websocket()
  File "C:\Users\12pon\.virtualenvs\006-music-discordbot-2RH6pvIb\lib\site-packages\discord\voice_state.py", line 586, in _handshake_websocket
    await self.ws.poll_event()
  File "C:\Users\12pon\.virtualenvs\006-music-discordbot-2RH6pvIb\lib\site-packages\discord\gateway.py", line 1053, in poll_event
    raise ConnectionClosed(self.ws, shard_id=None, code=self._close_code)
discord.errors.ConnectionClosed: Shard ID None WebSocket closed with 4017
[2026-06-20 22:17:31,432] INFO [discord.voice_state._voice_disconnect:566] The voice handshake is being terminated for Channel ID 949180602907762758 (Guild ID 861822386986024980)
[2026-06-20 22:17:36,428] INFO [discord.voice_state._inner_connect:400] Starting voice handshake... (connection attempt 4)
[2026-06-20 22:17:36,961] INFO [discord.voice_state._inner_connect:409] Voice handshake complete. Endpoint found: c-sin13-6f974d76.discord.media:8443
[2026-06-20 22:17:37,211] ERROR [discord.voice_state._inner_connect:418] Failed to connect to voice... Retrying in 7.0s...
Traceback (most recent call last):
  File "C:\Users\12pon\.virtualenvs\006-music-discordbot-2RH6pvIb\lib\site-packages\discord\voice_state.py", line 413, in _inner_connect
    await self._handshake_websocket()
  File "C:\Users\12pon\.virtualenvs\006-music-discordbot-2RH6pvIb\lib\site-packages\discord\voice_state.py", line 586, in _handshake_websocket
    await self.ws.poll_event()
  File "C:\Users\12pon\.virtualenvs\006-music-discordbot-2RH6pvIb\lib\site-packages\discord\gateway.py", line 1053, in poll_event
    raise ConnectionClosed(self.ws, shard_id=None, code=self._close_code)
discord.errors.ConnectionClosed: Shard ID None WebSocket closed with 4017
[2026-06-20 22:17:37,212] INFO [discord.voice_state._voice_disconnect:566] The voice handshake is being terminated for Channel ID 949180602907762758 (Guild ID 861822386986024980)
[2026-06-20 22:17:44,221] INFO [discord.voice_state._inner_connect:400] Starting voice handshake... (connection attempt 5)
[2026-06-20 22:17:44,789] INFO [discord.voice_state._inner_connect:409] Voice handshake complete. Endpoint found: c-sin13-6f974d76.discord.media:8443
[2026-06-20 22:17:45,039] ERROR [discord.voice_state._inner_connect:418] Failed to connect to voice... Retrying in 9.0s...
Traceback (most recent call last):
  File "C:\Users\12pon\.virtualenvs\006-music-discordbot-2RH6pvIb\lib\site-packages\discord\voice_state.py", line 413, in _inner_connect
    await self._handshake_websocket()
  File "C:\Users\12pon\.virtualenvs\006-music-discordbot-2RH6pvIb\lib\site-packages\discord\voice_state.py", line 586, in _handshake_websocket
    await self.ws.poll_event()
  File "C:\Users\12pon\.virtualenvs\006-music-discordbot-2RH6pvIb\lib\site-packages\discord\gateway.py", line 1053, in poll_event
    raise ConnectionClosed(self.ws, shard_id=None, code=self._close_code)
discord.errors.ConnectionClosed: Shard ID None WebSocket closed with 4017
[2026-06-20 22:17:45,040] INFO [discord.voice_state._voice_disconnect:566] The voice handshake is being terminated for Channel ID 949180602907762758 (Guild ID 861822386986024980)
[2026-06-20 22:17:54,032] INFO [discord.voice_state._connect:433] Voice connection complete.
[2026-06-20 22:17:54,037] ERROR [discord.app_commands.tree.on_error:819] Ignoring exception in command 'play'
Traceback (most recent call last):
  File "C:\Users\12pon\.virtualenvs\006-music-discordbot-2RH6pvIb\lib\site-packages\discord\app_commands\commands.py", line 858, in _do_call
    return await self._callback(self.binding, interaction, **params)  # type: ignore
  File "C:\Users\12pon\Desktop\GitClone\006-music-discordbot\musicbot\cogs\music.py", line 294, in _play
    self._play_song(client, state, video)
  File "C:\Users\12pon\Desktop\GitClone\006-music-discordbot\musicbot\cogs\music.py", line 157, in _play_song
    client.play(source, after=after_playing)
  File "C:\Users\12pon\.virtualenvs\006-music-discordbot-2RH6pvIb\lib\site-packages\discord\voice_client.py", line 497, in play
    raise ClientException('Not connected to voice.')
discord.errors.ClientException: Not connected to voice.

The above exception was the direct cause of the following exception:

Traceback (most recent call last):
  File "C:\Users\12pon\.virtualenvs\006-music-discordbot-2RH6pvIb\lib\site-packages\discord\app_commands\tree.py", line 1297, in _call
    await command._invoke_with_namespace(interaction, namespace)
  File "C:\Users\12pon\.virtualenvs\006-music-discordbot-2RH6pvIb\lib\site-packages\discord\app_commands\commands.py", line 884, in _invoke_with_namespace
    return await self._do_call(interaction, transformed_values)
  File "C:\Users\12pon\.virtualenvs\006-music-discordbot-2RH6pvIb\lib\site-packages\discord\app_commands\commands.py", line 877, in _do_call
    raise CommandInvokeError(self, e) from e
discord.app_commands.errors.CommandInvokeError: Command 'play' raised an exception: ClientException: Not connected to voice.
[2026-06-20 22:17:54,038] INFO [discord.player._kill_process:229] ffmpeg process 4676 has not terminated. Waiting to terminate...
[2026-06-20 22:17:54,039] INFO [discord.player._kill_process:231] ffmpeg process 4676 should have terminated with a return code of 1.
[2026-06-20 22:17:54,040] INFO [discord.voice_state._poll_voice_ws:615] Disconnecting from voice normally, close code 1000.
[2026-06-20 22:17:54,040] INFO [discord.voice_state._voice_disconnect:566] The voice handshake is being terminated for Channel ID 949180602907762758 (Guild ID 861822386986024980)
[2026-06-20 22:22:13,964] INFO [discord.client.login:670] logging in using static token
[2026-06-20 22:22:14,912] INFO [root.setup_hook:25] Loading Cogs...
[2026-06-20 22:22:15,419] INFO [root.setup_hook:30] Loaded extension: musicbot.cogs.music
[2026-06-20 22:22:15,423] INFO [root.setup_hook:30] Loaded extension: musicbot.cogs.meta
[2026-06-20 22:22:15,425] INFO [root.setup_hook:30] Loaded extension: musicbot.cogs.error
[2026-06-20 22:22:15,455] INFO [root.setup_hook:30] Loaded extension: musicbot.cogs.chord
[2026-06-20 22:22:15,455] INFO [root.setup_hook:35] Setup complete.
[2026-06-20 22:22:16,362] INFO [discord.gateway.received_message:579] Shard ID None has connected to Gateway (Session ID: 66b1eab3f8d6b99ae5e0b475f05c302e).
[2026-06-20 22:22:18,869] INFO [root.on_ready:38] Logged in as 006 music#6847 (ID: 880982026314985523)
[2026-06-20 22:23:10,487] INFO [discord.client.login:670] logging in using static token
[2026-06-20 22:23:11,502] INFO [root.setup_hook:25] Loading Cogs...
[2026-06-20 22:23:11,997] INFO [root.setup_hook:30] Loaded extension: musicbot.cogs.music
[2026-06-20 22:23:11,999] INFO [root.setup_hook:30] Loaded extension: musicbot.cogs.meta
[2026-06-20 22:23:12,999] INFO [root.setup_hook:30] Loaded extension: musicbot.cogs.error
[2026-06-20 22:23:12,015] INFO [root.setup_hook:30] Loaded extension: musicbot.cogs.chord
[2026-06-20 22:23:12,015] INFO [root.setup_hook:35] Setup complete.
[2026-06-20 22:23:12,902] INFO [discord.gateway.received_message:579] Shard ID None has connected to Gateway (Session ID: c9c564abcbdda4b934d457123be3cfc7).
[2026-06-20 22:23:15,535] INFO [root.on_ready:38] Logged in as 006 music#6847 (ID: 880982026314985523)
[2026-06-20 22:30:46,487] INFO [discord.client.login:670] logging in using static token
[2026-06-20 22:30:47,472] INFO [root.setup_hook:25] Loading Cogs...
[2026-06-20 22:30:47,982] INFO [root.setup_hook:30] Loaded extension: musicbot.cogs.music
[2026-06-20 22:30:47,990] INFO [root.setup_hook:30] Loaded extension: musicbot.cogs.meta
[2026-06-20 22:30:47,991] INFO [root.setup_hook:30] Loaded extension: musicbot.cogs.error
[2026-06-20 22:30:48,006] INFO [root.setup_hook:30] Loaded extension: musicbot.cogs.chord
[2026-06-20 22:30:48,006] INFO [root.setup_hook:35] Setup complete.
[2026-06-20 22:30:49,013] INFO [discord.gateway.received_message:579] Shard ID None has connected to Gateway (Session ID: 2f0fdfb0e662ea54d4099074fd67203d).
[2026-06-20 22:30:51,550] INFO [root.on_ready:38] Logged in as 006 music#6847 (ID: 880982026314985523)
[2026-06-20 22:31:11,973] ERROR [discord.app_commands.tree.on_error:819] Ignoring exception in command 'play'
Traceback (most recent call last):
  File "C:\Users\12pon\.virtualenvs\006-music-discordbot-2RH6pvIb\lib\site-packages\discord\app_commands\commands.py", line 858, in _do_call
    return await self._callback(self.binding, interaction, **params)  # type: ignore
  File "C:\Users\12pon\Desktop\GitClone\006-music-discordbot\musicbot\cogs\music.py", line 291, in _play
    client = await channel.connect()
  File "C:\Users\12pon\.virtualenvs\006-music-discordbot-2RH6pvIb\lib\site-packages\discord\abc.py", line 2144, in connect
    voice: T = cls(client, self)
  File "C:\Users\12pon\.virtualenvs\006-music-discordbot-2RH6pvIb\lib\site-packages\discord\voice_client.py", line 222, in __init__
    raise RuntimeError('davey library needed in order to use voice')
RuntimeError: davey library needed in order to use voice

The above exception was the direct cause of the following exception:

Traceback (most recent call last):
  File "C:\Users\12pon\.virtualenvs\006-music-discordbot-2RH6pvIb\lib\site-packages\discord\app_commands\tree.py", line 1302, in _call
    await command._invoke_with_namespace(interaction, namespace)
  File "C:\Users\12pon\.virtualenvs\006-music-discordbot-2RH6pvIb\lib\site-packages\discord\app_commands\commands.py", line 884, in _invoke_with_namespace
    return await self._do_call(interaction, transformed_values)
  File "C:\Users\12pon\.virtualenvs\006-music-discordbot-2RH6pvIb\lib\site-packages\discord\app_commands\commands.py", line 877, in _do_call
    raise CommandInvokeError(self, e) from e
discord.app_commands.errors.CommandInvokeError: Command 'play' raised an exception: RuntimeError: davey library needed in order to use voice
[2026-06-20 22:32:29,046] INFO [discord.client.login:670] logging in using static token
[2026-06-20 22:33:21,589] INFO [discord.client.login:670] logging in using static token
[2026-06-20 22:33:22,647] INFO [root.setup_hook:25] Loading Cogs...
[2026-06-20 22:33:23,150] INFO [root.setup_hook:30] Loaded extension: musicbot.cogs.music
[2026-06-20 22:33:23,152] INFO [root.setup_hook:30] Loaded extension: musicbot.cogs.meta
[2026-06-20 22:33:23,154] INFO [root.setup_hook:30] Loaded extension: musicbot.cogs.error
[2026-06-20 22:33:23,173] INFO [root.setup_hook:30] Loaded extension: musicbot.cogs.chord
[2026-06-20 22:33:23,174] INFO [root.setup_hook:35] Setup complete.
[2026-06-20 22:33:24,114] INFO [discord.gateway.received_message:579] Shard ID None has connected to Gateway (Session ID: dd43d4a0f7942482f89b203859480ff9).
[2026-06-20 22:33:26,839] INFO [root.on_ready:38] Logged in as 006 music#6847 (ID: 880982026314985523)
[2026-06-20 22:33:38,308] INFO [discord.voice_state._connect:497] Connecting to voice...
[2026-06-20 22:33:38,308] INFO [discord.voice_state._inner_connect:470] Starting voice handshake... (connection attempt 1)
[2026-06-20 22:33:39,482] INFO [discord.voice_state._inner_connect:479] Voice handshake complete. Endpoint found: c-sin11-ed24ec42.discord.media:443
[2026-06-20 22:33:39,874] INFO [discord.voice_state._connect:503] Voice connection complete.
[2026-06-20 22:33:39,922] INFO [root._play_song:157] ▶️ Now playing: videoplayback
[2026-06-20 22:37:37,918] INFO [root._play_next:118] Queue finished.
[2026-06-20 22:37:37,918] INFO [discord.player._kill_process:278] ffmpeg process 8068 successfully terminated with return code of 0.
[2026-06-20 22:37:40,632] INFO [discord.voice_state._voice_disconnect:636] The voice handshake is being terminated for Channel ID 949180602907762758 (Guild ID 861822386986024980)
[2026-06-20 22:37:50,474] INFO [discord.client.login:670] logging in using static token
[2026-06-20 22:37:51,401] INFO [root.setup_hook:25] Loading Cogs...
[2026-06-20 22:37:51,906] INFO [root.setup_hook:30] Loaded extension: musicbot.cogs.music
[2026-06-20 22:37:51,908] INFO [root.setup_hook:30] Loaded extension: musicbot.cogs.meta
[2026-06-20 22:37:51,909] INFO [root.setup_hook:30] Loaded extension: musicbot.cogs.error
[2026-06-20 22:37:51,925] INFO [root.setup_hook:30] Loaded extension: musicbot.cogs.chord
[2026-06-20 22:37:51,925] INFO [root.setup_hook:35] Setup complete.
[2026-06-20 22:37:52,891] INFO [discord.gateway.received_message:579] Shard ID None has connected to Gateway (Session ID: fb3c4d809b76a7750fb4a2fd7c8efdba).
[2026-06-20 22:37:55,229] INFO [root.on_ready:38] Logged in as 006 music#6847 (ID: 880982026314985523)
[2026-06-20 22:38:10,348] INFO [discord.voice_state._connect:497] Connecting to voice...
[2026-06-20 22:38:10,348] INFO [discord.voice_state._inner_connect:470] Starting voice handshake... (connection attempt 1)
[2026-06-20 22:38:10,918] INFO [discord.voice_state._inner_connect:479] Voice handshake complete. Endpoint found: c-sin11-ed24ec42.discord.media:443
[2026-06-20 22:38:11,321] INFO [discord.voice_state._connect:503] Voice connection complete.
[2026-06-20 22:38:11,332] INFO [root._play_song:158] ▶️ Now playing: S3XSK1 - Stuck (ฉันภาวนา) Feat. BLVCKHEART , GTK [Official MV]
[2026-06-20 22:42:09,322] INFO [discord.player._kill_process:278] ffmpeg process 11556 successfully terminated with return code of 0.
[2026-06-20 22:42:09,323] INFO [root._play_next:119] Queue finished.
